<?xml version="1.0" encoding="UTF-8"?>
<testng-results ignored="0" total="2" passed="2" failed="0" skipped="0">
  <reporter-output>
  </reporter-output>
  <suite started-at="2022-09-08T12:57:55 IST" name="Suite" finished-at="2022-09-08T12:58:10 IST" duration-ms="15172">
    <groups>
    </groups>
    <test started-at="2022-09-08T12:57:55 IST" name="Test1" finished-at="2022-09-08T12:58:04 IST" duration-ms="9431">
      <class name="com.loan.testcases.Crossbrowser">
        <test-method signature="verifyPageTitle(java.lang.String)[pri:0, instance:com.loan.testcases.Crossbrowser@6cd28fa7]" started-at="2022-09-08T12:57:55 IST" name="verifyPageTitle" finished-at="2022-09-08T12:58:04 IST" duration-ms="9361" status="PASS">
          <params>
            <param index="0">
              <value>
                <![CDATA[edge]]>
              </value>
            </param>
          </params>
          <reporter-output>
          </reporter-output>
        </test-method> <!-- verifyPageTitle -->
      </class> <!-- com.loan.testcases.Crossbrowser -->
    </test> <!-- Test1 -->
    <test started-at="2022-09-08T12:58:04 IST" name="Test2" finished-at="2022-09-08T12:58:10 IST" duration-ms="5643">
      <class name="com.loan.testcases.Crossbrowser">
        <test-method signature="verifyPageTitle(java.lang.String)[pri:0, instance:com.loan.testcases.Crossbrowser@2d52216b]" started-at="2022-09-08T12:58:04 IST" name="verifyPageTitle" finished-at="2022-09-08T12:58:10 IST" duration-ms="5640" status="PASS">
          <params>
            <param index="0">
              <value>
                <![CDATA[chrome]]>
              </value>
            </param>
          </params>
          <reporter-output>
          </reporter-output>
        </test-method> <!-- verifyPageTitle -->
      </class> <!-- com.loan.testcases.Crossbrowser -->
    </test> <!-- Test2 -->
  </suite> <!-- Suite -->
</testng-results>
