<?xml version="1.0" encoding="UTF-8"?>
<!-- Generated by org.testng.reporters.JUnitXMLReporter -->
<testsuite ignored="0" hostname="BCP-ATLT301286" failures="0" tests="14" name="Loan1" time="0.102" errors="0" timestamp="2022-09-03T10:41:18 IST">
  <testcase classname="com.loan.testcases.HomeLoan" name="apiPageHomeLoan" time="0.007"/>
  <testcase classname="com.loan.testcases.HomeLoan" name="mobilePageHomeLoan" time="0.001"/>
  <testcase classname="com.loan.testcases.HomeLoan" name="webPageHomeLoan" time="0.002"/>
  <testcase classname="com.loan.testcases.EducationalLoan" name="apiPageEducationalLoan" time="0.001"/>
  <testcase classname="com.loan.testcases.EducationalLoan" name="mobilePageEducationalLoan" time="0.001"/>
  <testcase classname="com.loan.testcases.EducationalLoan" name="webPageEducationalLoan" time="0.002"/>
  <testcase classname="com.loan.testcases.PersonalLoan" name="apiPagePersonalLoan" time="0.002"/>
  <testcase classname="com.loan.testcases.PersonalLoan" name="mobilePagePersonalLoan" time="0.002"/>
  <testcase classname="com.loan.testcases.PersonalLoan" name="webPagePersonalLoan" time="0.001"/>
  <testcase classname="com.loan.testcases.CarLoan" name="apiPageCarLoan" time="0.001"/>
  <testcase classname="com.loan.testcases.CarLoan" name="mobilePageCarLoan" time="0.002"/>
  <testcase classname="com.loan.testcases.PropertyLoan" name="apiPagePropertyLoan" time="0.001"/>
  <testcase classname="com.loan.testcases.PropertyLoan" name="mobilePagePropertyLoan" time="0.001"/>
  <testcase classname="com.loan.testcases.PropertyLoan" name="webPagePropertyLoan" time="0.001"/>
</testsuite> <!-- Loan1 -->
